<?xml version="1.0" encoding="UTF-8"?>
<coverage generated="1774420727091" clover="3.2.0">
  <project timestamp="1774420727091" name="All files">
    <metrics statements="20" coveredstatements="16" conditionals="8" coveredconditionals="7" methods="5" coveredmethods="3" elements="33" coveredelements="26" complexity="0" loc="20" ncloc="20" packages="1" files="1" classes="1"/>
    <file name="app.js" path="/Users/darshandineshbhandary/GitHub/git-github-bit/ci-cd-project/src/app.js">
      <metrics statements="20" coveredstatements="16" conditionals="8" coveredconditionals="7" methods="5" coveredmethods="3"/>
      <line num="1" count="1" type="stmt"/>
      <line num="2" count="1" type="stmt"/>
      <line num="3" count="1" type="cond" truecount="2" falsecount="0"/>
      <line num="5" count="1" type="stmt"/>
      <line num="8" count="1" type="stmt"/>
      <line num="9" count="1" type="stmt"/>
      <line num="15" count="1" type="stmt"/>
      <line num="16" count="1" type="stmt"/>
      <line num="19" count="1" type="stmt"/>
      <line num="20" count="3" type="stmt"/>
      <line num="22" count="3" type="cond" truecount="4" falsecount="0"/>
      <line num="23" count="2" type="stmt"/>
      <line num="26" count="1" type="stmt"/>
      <line num="30" count="1" type="stmt"/>
      <line num="31" count="0" type="stmt"/>
      <line num="32" count="0" type="stmt"/>
      <line num="36" count="1" type="cond" truecount="1" falsecount="1"/>
      <line num="37" count="0" type="stmt"/>
      <line num="38" count="0" type="stmt"/>
      <line num="42" count="1" type="stmt"/>
    </file>
  </project>
</coverage>
