TN:
SF:src/app.js
FN:8,(anonymous_0)
FN:15,(anonymous_1)
FN:19,(anonymous_2)
FN:30,(anonymous_3)
FN:37,(anonymous_4)
FNF:5
FNH:3
FNDA:1,(anonymous_0)
FNDA:1,(anonymous_1)
FNDA:3,(anonymous_2)
FNDA:0,(anonymous_3)
FNDA:0,(anonymous_4)
DA:1,1
DA:2,1
DA:3,1
DA:5,1
DA:8,1
DA:9,1
DA:15,1
DA:16,1
DA:19,1
DA:20,3
DA:22,3
DA:23,2
DA:26,1
DA:30,1
DA:31,0
DA:32,0
DA:36,1
DA:37,0
DA:38,0
DA:42,1
LF:20
LH:16
BRDA:3,0,0,1
BRDA:3,0,1,1
BRDA:22,1,0,2
BRDA:22,1,1,1
BRDA:22,2,0,3
BRDA:22,2,1,2
BRDA:36,3,0,0
BRDA:36,3,1,1
BRF:8
BRH:7
end_of_record
